<?xml version="1.0" encoding="UTF-8"?>
<testsuite name="ru.stqa.pft.addressbook.tests.ContactCreationTests" tests="3" skipped="0" failures="0" errors="0" timestamp="2018-02-04T11:59:37" hostname="User-ПК" time="6.266">
  <properties/>
  <testcase name="testContactCreation[0](ContactData{id=0, firstName='Johnny 0', lastName='Smith 0', addressPrimary='Moscow 0'})" classname="ru.stqa.pft.addressbook.tests.ContactCreationTests" time="2.214"/>
  <testcase name="testContactCreation[1](ContactData{id=0, firstName='Johnny 1', lastName='Smith 1', addressPrimary='Moscow 1'})" classname="ru.stqa.pft.addressbook.tests.ContactCreationTests" time="2.025"/>
  <testcase name="testContactCreation[2](ContactData{id=0, firstName='Johnny 2', lastName='Smith 2', addressPrimary='Moscow 2'})" classname="ru.stqa.pft.addressbook.tests.ContactCreationTests" time="2.027"/>
  <system-out><![CDATA[]]></system-out>
  <system-err><![CDATA[]]></system-err>
</testsuite>
